<?xml version="1.0" encoding="UTF-8"?>
<!-- Generated by org.testng.reporters.JUnitReportReporter -->
<testsuite hostname="IN-90DK1N3" failures="0" tests="1" name="TestCases.Grocery" time="1.183" errors="0" timestamp="2023-01-09T11:08:51 IST" skipped="0">
  <testcase classname="TestCases.Grocery" name="GroceryTest" time="1.183"/>
  <system-out/>
</testsuite> <!-- TestCases.Grocery -->
