<?xml version="1.0" encoding="UTF-8"?>
<!-- Generated by org.testng.reporters.JUnitReportReporter -->
<testsuite hostname="IN-90DK1N3" failures="0" tests="1" name="TestCases.loginTest" time="0.276" errors="0" timestamp="2023-01-05T15:18:00 IST" skipped="0">
  <testcase classname="TestCases.loginTest" name="LoginTest" time="0.276"/>
  <system-out/>
</testsuite> <!-- TestCases.loginTest -->
