<?xml version="1.0" encoding="UTF-8"?>
<!-- Generated by org.testng.reporters.JUnitReportReporter -->
<testsuite hostname="IN-90DK1N3" failures="0" tests="4" name="TestCases.Travel" time="203.802" errors="0" timestamp="2023-01-09T15:47:51 IST" skipped="0">
  <testcase classname="TestCases.Travel" name="whenUserEntersValidFromAndValidTo" time="31.372"/>
  <system-out/>
  <testcase classname="TestCases.Travel" name="whenUserEntersValidFromAndInvalidTo" time="102.934"/>
  <system-out/>
  <testcase classname="TestCases.Travel" name="whenUserEntersInvalidFromAndValidTo" time="27.472"/>
  <system-out/>
  <testcase classname="TestCases.Travel" name="whenUserEntersInvalidFromAndInValidTo" time="42.024"/>
  <system-out/>
</testsuite> <!-- TestCases.Travel -->
