<?xml version="1.0" encoding="UTF-8"?>
<!-- Generated by org.testng.reporters.JUnitReportReporter -->
<testsuite hostname="IN-90DK1N3" failures="0" tests="1" name="TestCases.Appliences" time="1.480" errors="0" timestamp="2023-01-06T13:28:59 IST" skipped="0">
  <testcase classname="TestCases.Appliences" name="AppliencesTest" time="1.480"/>
  <system-out/>
</testsuite> <!-- TestCases.Appliences -->
