<?xml version="1.0" encoding="UTF-8"?>
<!-- Generated by org.testng.reporters.JUnitReportReporter -->
<testsuite hostname="IN-90DK1N3" failures="0" tests="4" name="TestCases.Travel" time="195.293" errors="0" timestamp="2023-01-09T15:54:14 IST" skipped="0">
  <testcase classname="TestCases.Travel" name="whenUserEntersValidFromAndValidTo" time="50.293"/>
  <system-out/>
  <testcase classname="TestCases.Travel" name="whenUserEntersValidFromAndInvalidTo" time="47.299"/>
  <system-out/>
  <testcase classname="TestCases.Travel" name="whenUserEntersInvalidFromAndValidTo" time="47.454"/>
  <system-out/>
  <testcase classname="TestCases.Travel" name="whenUserEntersInvalidFromAndInValidTo" time="50.247"/>
  <system-out/>
</testsuite> <!-- TestCases.Travel -->
