<?xml version="1.0" encoding="UTF-8"?>
<!-- Generated by org.testng.reporters.JUnitReportReporter -->
<testsuite hostname="IN-90DK1N3" failures="0" tests="1" name="TestCases.MobileView" time="56.355" errors="0" timestamp="2023-01-09T15:39:24 IST" skipped="0">
  <testcase classname="TestCases.MobileView" name="MobileviewTest" time="56.355"/>
  <system-out/>
</testsuite> <!-- TestCases.MobileView -->
