<?xml version="1.0" encoding="UTF-8"?>
<!-- Generated by org.testng.reporters.JUnitReportReporter -->
<testsuite hostname="IN-90DK1N3" failures="0" tests="1" name="TestCases.BecomeASeller" time="44.088" errors="0" timestamp="2023-01-09T15:39:24 IST" skipped="0">
  <testcase classname="TestCases.BecomeASeller" name="BecomeASellerTest" time="44.088"/>
  <system-out/>
</testsuite> <!-- TestCases.BecomeASeller -->
