<?xml version="1.0" encoding="UTF-8"?>
<!-- Generated by org.testng.reporters.JUnitReportReporter -->
<testsuite hostname="IN-90DK1N3" failures="0" tests="4" name="TestCases.Grocery" time="190.648" errors="0" timestamp="2023-01-09T15:39:24 IST" skipped="0">
  <testcase classname="TestCases.Grocery" name="GroceryTestForValidLocationAndValidSearch" time="47.620"/>
  <system-out/>
  <testcase classname="TestCases.Grocery" name="GroceryTestForInValidLocationAndValidSearch" time="47.719"/>
  <system-out/>
  <testcase classname="TestCases.Grocery" name="GroceryTestForValidLocationAndInValidSearch" time="47.422"/>
  <system-out/>
  <testcase classname="TestCases.Grocery" name="GroceryTestForInInValidLocationAndInValidSearch" time="47.887"/>
  <system-out/>
</testsuite> <!-- TestCases.Grocery -->
